2022-06-13 11:04:11 [-][-][-][error][yii\console\UnknownCommandException] yii\base\InvalidRouteException: Unable to resolve the request "create". in C:\xampp\htdocs\RPI_Photogrammétrie\vendor\yiisoft\yii2\base\Module.php:561
Stack trace:
#0 C:\xampp\htdocs\RPI_Photogrammétrie\vendor\yiisoft\yii2\console\Application.php(180): yii\base\Module->runAction('create', Array)
#1 C:\xampp\htdocs\RPI_Photogrammétrie\vendor\yiisoft\yii2\console\Application.php(147): yii\console\Application->runAction('create', Array)
#2 C:\xampp\htdocs\RPI_Photogrammétrie\vendor\yiisoft\yii2\base\Application.php(384): yii\console\Application->handleRequest(Object(yii\console\Request))
#3 C:\xampp\htdocs\RPI_Photogrammétrie\yii(23): yii\base\Application->run()
#4 {main}

Next yii\console\UnknownCommandException: Unknown command "create". in C:\xampp\htdocs\RPI_Photogrammétrie\vendor\yiisoft\yii2\console\Application.php:183
Stack trace:
#0 C:\xampp\htdocs\RPI_Photogrammétrie\vendor\yiisoft\yii2\console\Application.php(147): yii\console\Application->runAction('create', Array)
#1 C:\xampp\htdocs\RPI_Photogrammétrie\vendor\yiisoft\yii2\base\Application.php(384): yii\console\Application->handleRequest(Object(yii\console\Request))
#2 C:\xampp\htdocs\RPI_Photogrammétrie\yii(23): yii\base\Application->run()
#3 {main}
2022-06-13 11:04:11 [-][-][-][info][application] $_GET = []

$_POST = []

$_FILES = []

$_COOKIE = []

$_SERVER = [
    'ALLUSERSPROFILE' => 'C:\\ProgramData'
    'APPDATA' => 'C:\\Users\\Fablab\\AppData\\Roaming'
    'ChocolateyInstall' => 'C:\\ProgramData\\chocolatey'
    'ChocolateyLastPathUpdate' => '132943104509877081'
    'CommonProgramFiles' => 'C:\\Program Files\\Common Files'
    'CommonProgramFiles(x86)' => 'C:\\Program Files (x86)\\Common Files'
    'CommonProgramW6432' => 'C:\\Program Files\\Common Files'
    'COMPUTERNAME' => 'portable_23'
    'ComSpec' => 'C:\\Windows\\system32\\cmd.exe'
    'DriverData' => 'C:\\Windows\\System32\\Drivers\\DriverData'
    'FPS_BROWSER_APP_PROFILE_STRING' => 'Internet Explorer'
    'FPS_BROWSER_USER_PROFILE_STRING' => 'Default'
    'HOMEDRIVE' => 'C:'
    'HOMEPATH' => '\\Users\\Fablab'
    'LOCALAPPDATA' => 'C:\\Users\\Fablab\\AppData\\Local'
    'LOGONSERVER' => '\\\\portable_23'
    'NUMBER_OF_PROCESSORS' => '8'
    'OneDrive' => 'C:\\Users\\Fablab\\OneDrive'
    'OS' => 'Windows_NT'
    'Path' => 'C:\\Windows\\system32;C:\\Windows;C:\\Windows\\System32\\Wbem;C:\\Windows\\System32\\WindowsPowerShell\\v1.0\\;C:\\Windows\\System32\\OpenSSH\\;C:\\ProgramData\\chocolatey\\bin;C:\\Program Files\\Microsoft VS Code\\bin;C:\\Program Files\\PuTTY\\;C:\\xampp\\php;C:\\ProgramData\\ComposerSetup\\bin;C:\\Users\\Fablab\\AppData\\Local\\Microsoft\\WindowsApps;C:\\Users\\Fablab\\AppData\\Roaming\\Composer\\vendor\\bin'
    'PATHEXT' => '.COM;.EXE;.BAT;.CMD;.VBS;.VBE;.JS;.JSE;.WSF;.WSH;.MSC'
    'PROCESSOR_ARCHITECTURE' => 'AMD64'
    'PROCESSOR_IDENTIFIER' => 'Intel64 Family 6 Model 142 Stepping 12, GenuineIntel'
    'PROCESSOR_LEVEL' => '6'
    'PROCESSOR_REVISION' => '8e0c'
    'ProgramData' => 'C:\\ProgramData'
    'ProgramFiles' => 'C:\\Program Files'
    'ProgramFiles(x86)' => 'C:\\Program Files (x86)'
    'ProgramW6432' => 'C:\\Program Files'
    'PROMPT' => '$P$G'
    'PSModulePath' => 'C:\\Program Files\\WindowsPowerShell\\Modules;C:\\Windows\\system32\\WindowsPowerShell\\v1.0\\Modules'
    'PUBLIC' => 'C:\\Users\\Public'
    'SESSIONNAME' => 'Console'
    'SystemDrive' => 'C:'
    'SystemRoot' => 'C:\\Windows'
    'TEMP' => 'C:\\Users\\Fablab\\AppData\\Local\\Temp'
    'TMP' => 'C:\\Users\\Fablab\\AppData\\Local\\Temp'
    'USERDOMAIN' => 'portable_23'
    'USERDOMAIN_ROAMINGPROFILE' => 'portable_23'
    'USERNAME' => 'Fablab'
    'USERPROFILE' => 'C:\\Users\\Fablab'
    'windir' => 'C:\\Windows'
    'ZES_ENABLE_SYSMAN' => '1'
    'PHP_SELF' => 'yii'
    'SCRIPT_NAME' => 'yii'
    'SCRIPT_FILENAME' => 'yii'
    'PATH_TRANSLATED' => 'yii'
    'DOCUMENT_ROOT' => ''
    'REQUEST_TIME_FLOAT' => 1655111051.4346
    'REQUEST_TIME' => 1655111051
    'argv' => [
        0 => 'yii'
        1 => 'create'
        2 => 'prise_de_vue'
        3 => '--fields=photo_id:string(16):notNull,file_name:string(512):notNull,time_create:datetime,description:text(),created_by:integer(11)foreignKey(user)'
    ]
    'argc' => 4
]
2022-06-13 11:04:50 [-][-][-][error][yii\console\UnknownCommandException] yii\base\InvalidRouteException: Unable to resolve the request "create". in C:\xampp\htdocs\RPI_Photogrammétrie\vendor\yiisoft\yii2\base\Module.php:561
Stack trace:
#0 C:\xampp\htdocs\RPI_Photogrammétrie\vendor\yiisoft\yii2\console\Application.php(180): yii\base\Module->runAction('create', Array)
#1 C:\xampp\htdocs\RPI_Photogrammétrie\vendor\yiisoft\yii2\console\Application.php(147): yii\console\Application->runAction('create', Array)
#2 C:\xampp\htdocs\RPI_Photogrammétrie\vendor\yiisoft\yii2\base\Application.php(384): yii\console\Application->handleRequest(Object(yii\console\Request))
#3 C:\xampp\htdocs\RPI_Photogrammétrie\yii(23): yii\base\Application->run()
#4 {main}

Next yii\console\UnknownCommandException: Unknown command "create". in C:\xampp\htdocs\RPI_Photogrammétrie\vendor\yiisoft\yii2\console\Application.php:183
Stack trace:
#0 C:\xampp\htdocs\RPI_Photogrammétrie\vendor\yiisoft\yii2\console\Application.php(147): yii\console\Application->runAction('create', Array)
#1 C:\xampp\htdocs\RPI_Photogrammétrie\vendor\yiisoft\yii2\base\Application.php(384): yii\console\Application->handleRequest(Object(yii\console\Request))
#2 C:\xampp\htdocs\RPI_Photogrammétrie\yii(23): yii\base\Application->run()
#3 {main}
2022-06-13 11:04:50 [-][-][-][info][application] $_GET = []

$_POST = []

$_FILES = []

$_COOKIE = []

$_SERVER = [
    'ALLUSERSPROFILE' => 'C:\\ProgramData'
    'APPDATA' => 'C:\\Users\\Fablab\\AppData\\Roaming'
    'ChocolateyInstall' => 'C:\\ProgramData\\chocolatey'
    'ChocolateyLastPathUpdate' => '132943104509877081'
    'CommonProgramFiles' => 'C:\\Program Files\\Common Files'
    'CommonProgramFiles(x86)' => 'C:\\Program Files (x86)\\Common Files'
    'CommonProgramW6432' => 'C:\\Program Files\\Common Files'
    'COMPUTERNAME' => 'portable_23'
    'ComSpec' => 'C:\\Windows\\system32\\cmd.exe'
    'DriverData' => 'C:\\Windows\\System32\\Drivers\\DriverData'
    'FPS_BROWSER_APP_PROFILE_STRING' => 'Internet Explorer'
    'FPS_BROWSER_USER_PROFILE_STRING' => 'Default'
    'HOMEDRIVE' => 'C:'
    'HOMEPATH' => '\\Users\\Fablab'
    'LOCALAPPDATA' => 'C:\\Users\\Fablab\\AppData\\Local'
    'LOGONSERVER' => '\\\\portable_23'
    'NUMBER_OF_PROCESSORS' => '8'
    'OneDrive' => 'C:\\Users\\Fablab\\OneDrive'
    'OS' => 'Windows_NT'
    'Path' => 'C:\\Windows\\system32;C:\\Windows;C:\\Windows\\System32\\Wbem;C:\\Windows\\System32\\WindowsPowerShell\\v1.0\\;C:\\Windows\\System32\\OpenSSH\\;C:\\ProgramData\\chocolatey\\bin;C:\\Program Files\\Microsoft VS Code\\bin;C:\\Program Files\\PuTTY\\;C:\\xampp\\php;C:\\ProgramData\\ComposerSetup\\bin;C:\\Users\\Fablab\\AppData\\Local\\Microsoft\\WindowsApps;C:\\Users\\Fablab\\AppData\\Roaming\\Composer\\vendor\\bin'
    'PATHEXT' => '.COM;.EXE;.BAT;.CMD;.VBS;.VBE;.JS;.JSE;.WSF;.WSH;.MSC'
    'PROCESSOR_ARCHITECTURE' => 'AMD64'
    'PROCESSOR_IDENTIFIER' => 'Intel64 Family 6 Model 142 Stepping 12, GenuineIntel'
    'PROCESSOR_LEVEL' => '6'
    'PROCESSOR_REVISION' => '8e0c'
    'ProgramData' => 'C:\\ProgramData'
    'ProgramFiles' => 'C:\\Program Files'
    'ProgramFiles(x86)' => 'C:\\Program Files (x86)'
    'ProgramW6432' => 'C:\\Program Files'
    'PROMPT' => '$P$G'
    'PSModulePath' => 'C:\\Program Files\\WindowsPowerShell\\Modules;C:\\Windows\\system32\\WindowsPowerShell\\v1.0\\Modules'
    'PUBLIC' => 'C:\\Users\\Public'
    'SESSIONNAME' => 'Console'
    'SystemDrive' => 'C:'
    'SystemRoot' => 'C:\\Windows'
    'TEMP' => 'C:\\Users\\Fablab\\AppData\\Local\\Temp'
    'TMP' => 'C:\\Users\\Fablab\\AppData\\Local\\Temp'
    'USERDOMAIN' => 'portable_23'
    'USERDOMAIN_ROAMINGPROFILE' => 'portable_23'
    'USERNAME' => 'Fablab'
    'USERPROFILE' => 'C:\\Users\\Fablab'
    'windir' => 'C:\\Windows'
    'ZES_ENABLE_SYSMAN' => '1'
    'PHP_SELF' => 'yii'
    'SCRIPT_NAME' => 'yii'
    'SCRIPT_FILENAME' => 'yii'
    'PATH_TRANSLATED' => 'yii'
    'DOCUMENT_ROOT' => ''
    'REQUEST_TIME_FLOAT' => 1655111090.1751
    'REQUEST_TIME' => 1655111090
    'argv' => [
        0 => 'yii'
        1 => 'create'
        2 => 'prise_de_vue'
        3 => '--fields=photo_id:string(16):notNull,file_name:string(512):notNull,time_create:datetime,description:text(),created_by:integer(11)foreignKey(user)'
    ]
    'argc' => 4
]
2022-06-13 11:06:33 [-][-][-][error][yii\console\UnknownCommandException] yii\base\InvalidRouteException: Unable to resolve the request "migrate\create". in C:\xampp\htdocs\RPI_Photogrammétrie\vendor\yiisoft\yii2\base\Module.php:561
Stack trace:
#0 C:\xampp\htdocs\RPI_Photogrammétrie\vendor\yiisoft\yii2\console\Application.php(180): yii\base\Module->runAction('migrate\\create', Array)
#1 C:\xampp\htdocs\RPI_Photogrammétrie\vendor\yiisoft\yii2\console\Application.php(147): yii\console\Application->runAction('migrate\\create', Array)
#2 C:\xampp\htdocs\RPI_Photogrammétrie\vendor\yiisoft\yii2\base\Application.php(384): yii\console\Application->handleRequest(Object(yii\console\Request))
#3 C:\xampp\htdocs\RPI_Photogrammétrie\yii(23): yii\base\Application->run()
#4 {main}

Next yii\console\UnknownCommandException: Unknown command "migrate\create". in C:\xampp\htdocs\RPI_Photogrammétrie\vendor\yiisoft\yii2\console\Application.php:183
Stack trace:
#0 C:\xampp\htdocs\RPI_Photogrammétrie\vendor\yiisoft\yii2\console\Application.php(147): yii\console\Application->runAction('migrate\\create', Array)
#1 C:\xampp\htdocs\RPI_Photogrammétrie\vendor\yiisoft\yii2\base\Application.php(384): yii\console\Application->handleRequest(Object(yii\console\Request))
#2 C:\xampp\htdocs\RPI_Photogrammétrie\yii(23): yii\base\Application->run()
#3 {main}
2022-06-13 11:06:33 [-][-][-][info][application] $_GET = []

$_POST = []

$_FILES = []

$_COOKIE = []

$_SERVER = [
    'ALLUSERSPROFILE' => 'C:\\ProgramData'
    'APPDATA' => 'C:\\Users\\Fablab\\AppData\\Roaming'
    'ChocolateyInstall' => 'C:\\ProgramData\\chocolatey'
    'ChocolateyLastPathUpdate' => '132943104509877081'
    'CommonProgramFiles' => 'C:\\Program Files\\Common Files'
    'CommonProgramFiles(x86)' => 'C:\\Program Files (x86)\\Common Files'
    'CommonProgramW6432' => 'C:\\Program Files\\Common Files'
    'COMPUTERNAME' => 'portable_23'
    'ComSpec' => 'C:\\Windows\\system32\\cmd.exe'
    'DriverData' => 'C:\\Windows\\System32\\Drivers\\DriverData'
    'FPS_BROWSER_APP_PROFILE_STRING' => 'Internet Explorer'
    'FPS_BROWSER_USER_PROFILE_STRING' => 'Default'
    'HOMEDRIVE' => 'C:'
    'HOMEPATH' => '\\Users\\Fablab'
    'LOCALAPPDATA' => 'C:\\Users\\Fablab\\AppData\\Local'
    'LOGONSERVER' => '\\\\portable_23'
    'NUMBER_OF_PROCESSORS' => '8'
    'OneDrive' => 'C:\\Users\\Fablab\\OneDrive'
    'OS' => 'Windows_NT'
    'Path' => 'C:\\Windows\\system32;C:\\Windows;C:\\Windows\\System32\\Wbem;C:\\Windows\\System32\\WindowsPowerShell\\v1.0\\;C:\\Windows\\System32\\OpenSSH\\;C:\\ProgramData\\chocolatey\\bin;C:\\Program Files\\Microsoft VS Code\\bin;C:\\Program Files\\PuTTY\\;C:\\xampp\\php;C:\\ProgramData\\ComposerSetup\\bin;C:\\Users\\Fablab\\AppData\\Local\\Microsoft\\WindowsApps;C:\\Users\\Fablab\\AppData\\Roaming\\Composer\\vendor\\bin'
    'PATHEXT' => '.COM;.EXE;.BAT;.CMD;.VBS;.VBE;.JS;.JSE;.WSF;.WSH;.MSC'
    'PROCESSOR_ARCHITECTURE' => 'AMD64'
    'PROCESSOR_IDENTIFIER' => 'Intel64 Family 6 Model 142 Stepping 12, GenuineIntel'
    'PROCESSOR_LEVEL' => '6'
    'PROCESSOR_REVISION' => '8e0c'
    'ProgramData' => 'C:\\ProgramData'
    'ProgramFiles' => 'C:\\Program Files'
    'ProgramFiles(x86)' => 'C:\\Program Files (x86)'
    'ProgramW6432' => 'C:\\Program Files'
    'PROMPT' => '$P$G'
    'PSModulePath' => 'C:\\Program Files\\WindowsPowerShell\\Modules;C:\\Windows\\system32\\WindowsPowerShell\\v1.0\\Modules'
    'PUBLIC' => 'C:\\Users\\Public'
    'SESSIONNAME' => 'Console'
    'SystemDrive' => 'C:'
    'SystemRoot' => 'C:\\Windows'
    'TEMP' => 'C:\\Users\\Fablab\\AppData\\Local\\Temp'
    'TMP' => 'C:\\Users\\Fablab\\AppData\\Local\\Temp'
    'USERDOMAIN' => 'portable_23'
    'USERDOMAIN_ROAMINGPROFILE' => 'portable_23'
    'USERNAME' => 'Fablab'
    'USERPROFILE' => 'C:\\Users\\Fablab'
    'windir' => 'C:\\Windows'
    'ZES_ENABLE_SYSMAN' => '1'
    'PHP_SELF' => 'yii'
    'SCRIPT_NAME' => 'yii'
    'SCRIPT_FILENAME' => 'yii'
    'PATH_TRANSLATED' => 'yii'
    'DOCUMENT_ROOT' => ''
    'REQUEST_TIME_FLOAT' => 1655111193.3909
    'REQUEST_TIME' => 1655111193
    'argv' => [
        0 => 'yii'
        1 => 'migrate\\create'
        2 => 'prise_de_vue'
        3 => '--fields=photo_id:string(16):notNull,file_name:string(512):notNull,time_create:datetime,description:text(),created_by:integer(11)foreignKey(user)'
    ]
    'argc' => 4
]
